..\bin\EasyIPCamera_Win.pdb
E:\DINGSHUAI\EASYIPCAMERA\WIN\BIN\EASYIPCAMERA_WIN.EXE
E:\DINGSHUAI\EASYIPCAMERA\WIN\BIN\EASYIPCAMERA_WIN.PDB
E:\Dingshuai\EasyIPCamera\win\EasyIPCamera_Win\..\bin\EasyIPCamera_Win.exe
E:\DINGSHUAI\EASYIPCAMERA\WIN\EASYIPCAMERA_WIN\RELEASE\CAPTUREAUDIO.OBJ
E:\DINGSHUAI\EASYIPCAMERA\WIN\EASYIPCAMERA_WIN\RELEASE\CAPTUREVIDEO.OBJ
E:\Dingshuai\EasyIPCamera\win\EasyIPCamera_Win\Release\cl.command.1.tlog
E:\Dingshuai\EasyIPCamera\win\EasyIPCamera_Win\Release\CL.read.1.tlog
E:\Dingshuai\EasyIPCamera\win\EasyIPCamera_Win\Release\CL.write.1.tlog
E:\DINGSHUAI\EASYIPCAMERA\WIN\EASYIPCAMERA_WIN\RELEASE\DSHOWCAPTUREAUDIOANDVIDEO_INTERFACE.OBJ
E:\DINGSHUAI\EASYIPCAMERA\WIN\EASYIPCAMERA_WIN\RELEASE\EASYIPCAMERA_WIN.EXE.INTERMEDIATE.MANIFEST
E:\DINGSHUAI\EASYIPCAMERA\WIN\EASYIPCAMERA_WIN\RELEASE\EASYIPCAMERA_WIN.OBJ
E:\DINGSHUAI\EASYIPCAMERA\WIN\EASYIPCAMERA_WIN\RELEASE\EASYIPCAMERA_WIN.PCH
E:\DINGSHUAI\EASYIPCAMERA\WIN\EASYIPCAMERA_WIN\RELEASE\EASYIPCAMERA_WIN.RES
E:\Dingshuai\EasyIPCamera\win\EasyIPCamera_Win\Release\EasyIPCamera_Win.write.1.tlog
E:\DINGSHUAI\EASYIPCAMERA\WIN\EASYIPCAMERA_WIN\RELEASE\EASYIPCAMERA_WINDLG.OBJ
E:\DINGSHUAI\EASYIPCAMERA\WIN\EASYIPCAMERA_WIN\RELEASE\FAACENCODER.OBJ
E:\DINGSHUAI\EASYIPCAMERA\WIN\EASYIPCAMERA_WIN\RELEASE\H264ENCODER.OBJ
E:\DINGSHUAI\EASYIPCAMERA\WIN\EASYIPCAMERA_WIN\RELEASE\H264ENCODERMANAGER.OBJ
E:\Dingshuai\EasyIPCamera\win\EasyIPCamera_Win\Release\link.command.1.tlog
E:\Dingshuai\EasyIPCamera\win\EasyIPCamera_Win\Release\link.read.1.tlog
E:\Dingshuai\EasyIPCamera\win\EasyIPCamera_Win\Release\link.write.1.tlog
E:\Dingshuai\EasyIPCamera\win\EasyIPCamera_Win\Release\link-cvtres.read.1.tlog
E:\Dingshuai\EasyIPCamera\win\EasyIPCamera_Win\Release\link-cvtres.write.1.tlog
E:\Dingshuai\EasyIPCamera\win\EasyIPCamera_Win\Release\mt.command.1.tlog
E:\Dingshuai\EasyIPCamera\win\EasyIPCamera_Win\Release\mt.read.1.tlog
E:\Dingshuai\EasyIPCamera\win\EasyIPCamera_Win\Release\mt.write.1.tlog
E:\Dingshuai\EasyIPCamera\win\EasyIPCamera_Win\Release\rc.command.1.tlog
E:\Dingshuai\EasyIPCamera\win\EasyIPCamera_Win\Release\rc.read.1.tlog
E:\Dingshuai\EasyIPCamera\win\EasyIPCamera_Win\Release\rc.write.1.tlog
E:\DINGSHUAI\EASYIPCAMERA\WIN\EASYIPCAMERA_WIN\RELEASE\SAMPLEGRABBERCB.OBJ
E:\DINGSHUAI\EASYIPCAMERA\WIN\EASYIPCAMERA_WIN\RELEASE\SERVERMANAGER.OBJ
E:\DINGSHUAI\EASYIPCAMERA\WIN\EASYIPCAMERA_WIN\RELEASE\STDAFX.OBJ
E:\DINGSHUAI\EASYIPCAMERA\WIN\EASYIPCAMERA_WIN\RELEASE\VC100.PDB
E:\DINGSHUAI\EASYIPCAMERA\WIN\EASYIPCAMERA_WIN\RELEASE\YUVTRANSFORM.OBJ
