..\bin\EasyIpCamera_Win.pdb
D:\DINGSHUAI\EASYIPCAMERA\EASYIPCAMERA_WIN\BIN\EASYIPCAMERA_WIN.EXE
D:\DINGSHUAI\EASYIPCAMERA\EASYIPCAMERA_WIN\BIN\EASYIPCAMERA_WIN.PDB
D:\Dingshuai\EasyIPCamera\EasyIpCamera_Win\EasyIpCamera_Win\..\bin\EasyIpCamera_Win.exe
D:\DINGSHUAI\EASYIPCAMERA\EASYIPCAMERA_WIN\EASYIPCAMERA_WIN\RELEASE\CAPTUREAUDIO.OBJ
D:\DINGSHUAI\EASYIPCAMERA\EASYIPCAMERA_WIN\EASYIPCAMERA_WIN\RELEASE\CAPTUREVIDEO.OBJ
D:\Dingshuai\EasyIPCamera\EasyIpCamera_Win\EasyIpCamera_Win\Release\cl.command.1.tlog
D:\Dingshuai\EasyIPCamera\EasyIpCamera_Win\EasyIpCamera_Win\Release\CL.read.1.tlog
D:\Dingshuai\EasyIPCamera\EasyIpCamera_Win\EasyIpCamera_Win\Release\CL.write.1.tlog
D:\DINGSHUAI\EASYIPCAMERA\EASYIPCAMERA_WIN\EASYIPCAMERA_WIN\RELEASE\DSHOWCAPTUREAUDIOANDVIDEO_INTERFACE.OBJ
D:\DINGSHUAI\EASYIPCAMERA\EASYIPCAMERA_WIN\EASYIPCAMERA_WIN\RELEASE\EASYIPCAMERA_WIN.EXE.INTERMEDIATE.MANIFEST
D:\DINGSHUAI\EASYIPCAMERA\EASYIPCAMERA_WIN\EASYIPCAMERA_WIN\RELEASE\EASYIPCAMERA_WIN.OBJ
D:\DINGSHUAI\EASYIPCAMERA\EASYIPCAMERA_WIN\EASYIPCAMERA_WIN\RELEASE\EASYIPCAMERA_WIN.PCH
D:\DINGSHUAI\EASYIPCAMERA\EASYIPCAMERA_WIN\EASYIPCAMERA_WIN\RELEASE\EASYIPCAMERA_WIN.RES
D:\Dingshuai\EasyIPCamera\EasyIpCamera_Win\EasyIpCamera_Win\Release\EasyIpCamera_Win.write.1.tlog
D:\DINGSHUAI\EASYIPCAMERA\EASYIPCAMERA_WIN\EASYIPCAMERA_WIN\RELEASE\EASYIPCAMERA_WINDLG.OBJ
D:\DINGSHUAI\EASYIPCAMERA\EASYIPCAMERA_WIN\EASYIPCAMERA_WIN\RELEASE\FAACENCODER.OBJ
D:\DINGSHUAI\EASYIPCAMERA\EASYIPCAMERA_WIN\EASYIPCAMERA_WIN\RELEASE\H264ENCODER.OBJ
D:\DINGSHUAI\EASYIPCAMERA\EASYIPCAMERA_WIN\EASYIPCAMERA_WIN\RELEASE\H264ENCODERMANAGER.OBJ
D:\Dingshuai\EasyIPCamera\EasyIpCamera_Win\EasyIpCamera_Win\Release\link.command.1.tlog
D:\Dingshuai\EasyIPCamera\EasyIpCamera_Win\EasyIpCamera_Win\Release\link.read.1.tlog
D:\Dingshuai\EasyIPCamera\EasyIpCamera_Win\EasyIpCamera_Win\Release\link.write.1.tlog
D:\Dingshuai\EasyIPCamera\EasyIpCamera_Win\EasyIpCamera_Win\Release\link-cvtres.read.1.tlog
D:\Dingshuai\EasyIPCamera\EasyIpCamera_Win\EasyIpCamera_Win\Release\link-cvtres.write.1.tlog
D:\Dingshuai\EasyIPCamera\EasyIpCamera_Win\EasyIpCamera_Win\Release\mt.command.1.tlog
D:\Dingshuai\EasyIPCamera\EasyIpCamera_Win\EasyIpCamera_Win\Release\mt.read.1.tlog
D:\Dingshuai\EasyIPCamera\EasyIpCamera_Win\EasyIpCamera_Win\Release\mt.write.1.tlog
D:\Dingshuai\EasyIPCamera\EasyIpCamera_Win\EasyIpCamera_Win\Release\rc.command.1.tlog
D:\Dingshuai\EasyIPCamera\EasyIpCamera_Win\EasyIpCamera_Win\Release\rc.read.1.tlog
D:\Dingshuai\EasyIPCamera\EasyIpCamera_Win\EasyIpCamera_Win\Release\rc.write.1.tlog
D:\DINGSHUAI\EASYIPCAMERA\EASYIPCAMERA_WIN\EASYIPCAMERA_WIN\RELEASE\SAMPLEGRABBERCB.OBJ
D:\DINGSHUAI\EASYIPCAMERA\EASYIPCAMERA_WIN\EASYIPCAMERA_WIN\RELEASE\SERVERMANAGER.OBJ
D:\DINGSHUAI\EASYIPCAMERA\EASYIPCAMERA_WIN\EASYIPCAMERA_WIN\RELEASE\STDAFX.OBJ
D:\DINGSHUAI\EASYIPCAMERA\EASYIPCAMERA_WIN\EASYIPCAMERA_WIN\RELEASE\VC100.PDB
D:\DINGSHUAI\EASYIPCAMERA\EASYIPCAMERA_WIN\EASYIPCAMERA_WIN\RELEASE\YUVTRANSFORM.OBJ
D:\DINGSHUAI\EASYIPCAMERA\EASYIPCAMERA_WIN\RELEASE\EASYIPCAMERA_WIN.EXE
