..\bin\EasyIPCamera_Win.ilk
..\bin\EasyIPCamera_Win.pdb
E:\DINGSHUAI\EASYIPCAMERA\WIN\BIN\EASYIPCAMERA_WIN.EXE
E:\DINGSHUAI\EASYIPCAMERA\WIN\BIN\EASYIPCAMERA_WIN.ILK
E:\DINGSHUAI\EASYIPCAMERA\WIN\BIN\EASYIPCAMERA_WIN.PDB
E:\Dingshuai\EasyIPCamera\win\EasyIPCamera_Win\..\bin\EasyIPCamera_Win.exe
E:\DINGSHUAI\EASYIPCAMERA\WIN\EASYIPCAMERA_WIN\DEBUG\CAPTUREAUDIO.OBJ
E:\DINGSHUAI\EASYIPCAMERA\WIN\EASYIPCAMERA_WIN\DEBUG\CAPTUREVIDEO.OBJ
E:\Dingshuai\EasyIPCamera\win\EasyIPCamera_Win\Debug\cl.command.1.tlog
E:\Dingshuai\EasyIPCamera\win\EasyIPCamera_Win\Debug\CL.read.1.tlog
E:\Dingshuai\EasyIPCamera\win\EasyIPCamera_Win\Debug\CL.write.1.tlog
E:\DINGSHUAI\EASYIPCAMERA\WIN\EASYIPCAMERA_WIN\DEBUG\DSHOWCAPTUREAUDIOANDVIDEO_INTERFACE.OBJ
E:\DINGSHUAI\EASYIPCAMERA\WIN\EASYIPCAMERA_WIN\DEBUG\EASYIPCAMERA_WIN.EXE.EMBED.MANIFEST
E:\DINGSHUAI\EASYIPCAMERA\WIN\EASYIPCAMERA_WIN\DEBUG\EASYIPCAMERA_WIN.EXE.EMBED.MANIFEST.RES
E:\DINGSHUAI\EASYIPCAMERA\WIN\EASYIPCAMERA_WIN\DEBUG\EASYIPCAMERA_WIN.EXE.INTERMEDIATE.MANIFEST
E:\DINGSHUAI\EASYIPCAMERA\WIN\EASYIPCAMERA_WIN\DEBUG\EASYIPCAMERA_WIN.OBJ
E:\DINGSHUAI\EASYIPCAMERA\WIN\EASYIPCAMERA_WIN\DEBUG\EASYIPCAMERA_WIN.PCH
E:\DINGSHUAI\EASYIPCAMERA\WIN\EASYIPCAMERA_WIN\DEBUG\EASYIPCAMERA_WIN.RES
E:\Dingshuai\EasyIPCamera\win\EasyIPCamera_Win\Debug\EasyIPCamera_Win.vcxprojResolveAssemblyReference.cache
E:\Dingshuai\EasyIPCamera\win\EasyIPCamera_Win\Debug\EasyIPCamera_Win.write.1.tlog
E:\Dingshuai\EasyIPCamera\win\EasyIPCamera_Win\Debug\EasyIPCamera_Win_manifest.rc
E:\DINGSHUAI\EASYIPCAMERA\WIN\EASYIPCAMERA_WIN\DEBUG\EASYIPCAMERA_WINDLG.OBJ
E:\DINGSHUAI\EASYIPCAMERA\WIN\EASYIPCAMERA_WIN\DEBUG\FAACENCODER.OBJ
E:\DINGSHUAI\EASYIPCAMERA\WIN\EASYIPCAMERA_WIN\DEBUG\H264ENCODER.OBJ
E:\DINGSHUAI\EASYIPCAMERA\WIN\EASYIPCAMERA_WIN\DEBUG\H264ENCODERMANAGER.OBJ
E:\Dingshuai\EasyIPCamera\win\EasyIPCamera_Win\Debug\link.13688.read.1.tlog
E:\Dingshuai\EasyIPCamera\win\EasyIPCamera_Win\Debug\link.13688.write.1.tlog
E:\Dingshuai\EasyIPCamera\win\EasyIPCamera_Win\Debug\link.13688-cvtres.read.1.tlog
E:\Dingshuai\EasyIPCamera\win\EasyIPCamera_Win\Debug\link.13688-cvtres.write.1.tlog
E:\Dingshuai\EasyIPCamera\win\EasyIPCamera_Win\Debug\link.command.1.tlog
E:\Dingshuai\EasyIPCamera\win\EasyIPCamera_Win\Debug\link.read.1.tlog
E:\Dingshuai\EasyIPCamera\win\EasyIPCamera_Win\Debug\link.write.1.tlog
E:\Dingshuai\EasyIPCamera\win\EasyIPCamera_Win\Debug\link-cvtres.read.1.tlog
E:\Dingshuai\EasyIPCamera\win\EasyIPCamera_Win\Debug\link-cvtres.write.1.tlog
E:\Dingshuai\EasyIPCamera\win\EasyIPCamera_Win\Debug\mt.command.1.tlog
E:\Dingshuai\EasyIPCamera\win\EasyIPCamera_Win\Debug\mt.read.1.tlog
E:\Dingshuai\EasyIPCamera\win\EasyIPCamera_Win\Debug\mt.write.1.tlog
E:\Dingshuai\EasyIPCamera\win\EasyIPCamera_Win\Debug\rc.command.1.tlog
E:\Dingshuai\EasyIPCamera\win\EasyIPCamera_Win\Debug\rc.read.1.tlog
E:\Dingshuai\EasyIPCamera\win\EasyIPCamera_Win\Debug\rc.write.1.tlog
E:\DINGSHUAI\EASYIPCAMERA\WIN\EASYIPCAMERA_WIN\DEBUG\SAMPLEGRABBERCB.OBJ
E:\DINGSHUAI\EASYIPCAMERA\WIN\EASYIPCAMERA_WIN\DEBUG\SERVERMANAGER.OBJ
E:\DINGSHUAI\EASYIPCAMERA\WIN\EASYIPCAMERA_WIN\DEBUG\STDAFX.OBJ
E:\Dingshuai\EasyIPCamera\win\EasyIPCamera_Win\Debug\vc100.idb
E:\DINGSHUAI\EASYIPCAMERA\WIN\EASYIPCAMERA_WIN\DEBUG\VC100.PDB
E:\DINGSHUAI\EASYIPCAMERA\WIN\EASYIPCAMERA_WIN\DEBUG\YUVTRANSFORM.OBJ
