..\bin\EasyIpCamera_Win.ilk
..\bin\EasyIpCamera_Win.pdb
D:\DINGSHUAI\EASYIPCAMERA\WIN\BIN\EASYIPCAMERA_WIN.EXE
D:\DINGSHUAI\EASYIPCAMERA\WIN\BIN\EASYIPCAMERA_WIN.ILK
D:\DINGSHUAI\EASYIPCAMERA\WIN\BIN\EASYIPCAMERA_WIN.PDB
D:\Dingshuai\EasyIPCamera\win\EasyIpCamera_Win\..\bin\EasyIpCamera_Win.exe
D:\DINGSHUAI\EASYIPCAMERA\WIN\EASYIPCAMERA_WIN\DEBUG\CAPTUREAUDIO.OBJ
D:\DINGSHUAI\EASYIPCAMERA\WIN\EASYIPCAMERA_WIN\DEBUG\CAPTUREVIDEO.OBJ
D:\Dingshuai\EasyIPCamera\win\EasyIpCamera_Win\Debug\cl.command.1.tlog
D:\Dingshuai\EasyIPCamera\win\EasyIpCamera_Win\Debug\CL.read.1.tlog
D:\Dingshuai\EasyIPCamera\win\EasyIpCamera_Win\Debug\CL.write.1.tlog
D:\DINGSHUAI\EASYIPCAMERA\WIN\EASYIPCAMERA_WIN\DEBUG\DSHOWCAPTUREAUDIOANDVIDEO_INTERFACE.OBJ
D:\DINGSHUAI\EASYIPCAMERA\WIN\EASYIPCAMERA_WIN\DEBUG\EASYIPCAMERA_WIN.EXE.EMBED.MANIFEST
D:\DINGSHUAI\EASYIPCAMERA\WIN\EASYIPCAMERA_WIN\DEBUG\EASYIPCAMERA_WIN.EXE.EMBED.MANIFEST.RES
D:\DINGSHUAI\EASYIPCAMERA\WIN\EASYIPCAMERA_WIN\DEBUG\EASYIPCAMERA_WIN.EXE.INTERMEDIATE.MANIFEST
D:\DINGSHUAI\EASYIPCAMERA\WIN\EASYIPCAMERA_WIN\DEBUG\EASYIPCAMERA_WIN.OBJ
D:\DINGSHUAI\EASYIPCAMERA\WIN\EASYIPCAMERA_WIN\DEBUG\EASYIPCAMERA_WIN.PCH
D:\DINGSHUAI\EASYIPCAMERA\WIN\EASYIPCAMERA_WIN\DEBUG\EASYIPCAMERA_WIN.RES
D:\Dingshuai\EasyIPCamera\win\EasyIpCamera_Win\Debug\EasyIpCamera_Win.write.1.tlog
D:\Dingshuai\EasyIPCamera\win\EasyIpCamera_Win\Debug\EasyIpCamera_Win_manifest.rc
D:\DINGSHUAI\EASYIPCAMERA\WIN\EASYIPCAMERA_WIN\DEBUG\EASYIPCAMERA_WINDLG.OBJ
D:\DINGSHUAI\EASYIPCAMERA\WIN\EASYIPCAMERA_WIN\DEBUG\FAACENCODER.OBJ
D:\DINGSHUAI\EASYIPCAMERA\WIN\EASYIPCAMERA_WIN\DEBUG\H264ENCODER.OBJ
D:\DINGSHUAI\EASYIPCAMERA\WIN\EASYIPCAMERA_WIN\DEBUG\H264ENCODERMANAGER.OBJ
D:\Dingshuai\EasyIPCamera\win\EasyIpCamera_Win\Debug\link.command.1.tlog
D:\Dingshuai\EasyIPCamera\win\EasyIpCamera_Win\Debug\link.read.1.tlog
D:\Dingshuai\EasyIPCamera\win\EasyIpCamera_Win\Debug\link.write.1.tlog
D:\Dingshuai\EasyIPCamera\win\EasyIpCamera_Win\Debug\link-cvtres.read.1.tlog
D:\Dingshuai\EasyIPCamera\win\EasyIpCamera_Win\Debug\link-cvtres.write.1.tlog
D:\Dingshuai\EasyIPCamera\win\EasyIpCamera_Win\Debug\mt.command.1.tlog
D:\Dingshuai\EasyIPCamera\win\EasyIpCamera_Win\Debug\mt.read.1.tlog
D:\Dingshuai\EasyIPCamera\win\EasyIpCamera_Win\Debug\mt.write.1.tlog
D:\Dingshuai\EasyIPCamera\win\EasyIpCamera_Win\Debug\rc.command.1.tlog
D:\Dingshuai\EasyIPCamera\win\EasyIpCamera_Win\Debug\rc.read.1.tlog
D:\Dingshuai\EasyIPCamera\win\EasyIpCamera_Win\Debug\rc.write.1.tlog
D:\DINGSHUAI\EASYIPCAMERA\WIN\EASYIPCAMERA_WIN\DEBUG\SAMPLEGRABBERCB.OBJ
D:\DINGSHUAI\EASYIPCAMERA\WIN\EASYIPCAMERA_WIN\DEBUG\SERVERMANAGER.OBJ
D:\DINGSHUAI\EASYIPCAMERA\WIN\EASYIPCAMERA_WIN\DEBUG\STDAFX.OBJ
D:\Dingshuai\EasyIPCamera\win\EasyIpCamera_Win\Debug\vc100.idb
D:\DINGSHUAI\EASYIPCAMERA\WIN\EASYIPCAMERA_WIN\DEBUG\VC100.PDB
D:\DINGSHUAI\EASYIPCAMERA\WIN\EASYIPCAMERA_WIN\DEBUG\YUVTRANSFORM.OBJ
